This is pdfTeX, Version 3.1415926-2.4-1.40.13 (MiKTeX 2.9 64-bit) (preloaded format=pdflatex 2013.10.11)  1 OCT 2015 10:49
entering extended mode
**CS5800HW1.tex
("C:\Users\Zechs Marquis\Documents\Schoolwork\CS5800HW1.tex"
LaTeX2e <2011/06/27>
Babel <v3.8m> and hyphenation patterns for english, afrikaans, ancientgreek, ar
abic, armenian, assamese, basque, bengali, bokmal, bulgarian, catalan, coptic, 
croatian, czech, danish, dutch, esperanto, estonian, farsi, finnish, french, ga
lician, german, german-x-2012-05-30, greek, gujarati, hindi, hungarian, iceland
ic, indonesian, interlingua, irish, italian, kannada, kurmanji, latin, latvian,
 lithuanian, malayalam, marathi, mongolian, mongolianlmc, monogreek, ngerman, n
german-x-2012-05-30, nynorsk, oriya, panjabi, pinyin, polish, portuguese, roman
ian, russian, sanskrit, serbian, slovak, slovenian, spanish, swedish, swissgerm
an, tamil, telugu, turkish, turkmen, ukenglish, ukrainian, uppersorbian, usengl
ishmax, welsh, loaded.
("C:\Program Files\MiKTeX 2.9\tex\latex\base\article.cls"
Document Class: article 2007/10/19 v1.4h Standard LaTeX document class
("C:\Program Files\MiKTeX 2.9\tex\latex\base\size11.clo"
File: size11.clo 2007/10/19 v1.4h Standard LaTeX file (size option)
)
\c@part=\count79
\c@section=\count80
\c@subsection=\count81
\c@subsubsection=\count82
\c@paragraph=\count83
\c@subparagraph=\count84
\c@figure=\count85
\c@table=\count86
\abovecaptionskip=\skip41
\belowcaptionskip=\skip42
\bibindent=\dimen102
)
("C:\Program Files\MiKTeX 2.9\tex\latex\amsmath\amsmath.sty"
Package: amsmath 2013/01/14 v2.14 AMS math features
\@mathmargin=\skip43

For additional information on amsmath, use the `?' option.
("C:\Program Files\MiKTeX 2.9\tex\latex\amsmath\amstext.sty"
Package: amstext 2000/06/29 v2.01

("C:\Program Files\MiKTeX 2.9\tex\latex\amsmath\amsgen.sty"
File: amsgen.sty 1999/11/30 v2.0
\@emptytoks=\toks14
\ex@=\dimen103
))
("C:\Program Files\MiKTeX 2.9\tex\latex\amsmath\amsbsy.sty"
Package: amsbsy 1999/11/29 v1.2d
\pmbraise@=\dimen104
)
("C:\Program Files\MiKTeX 2.9\tex\latex\amsmath\amsopn.sty"
Package: amsopn 1999/12/14 v2.01 operator names
)
\inf@bad=\count87
LaTeX Info: Redefining \frac on input line 210.
\uproot@=\count88
\leftroot@=\count89
LaTeX Info: Redefining \overline on input line 306.
\classnum@=\count90
\DOTSCASE@=\count91
LaTeX Info: Redefining \ldots on input line 378.
LaTeX Info: Redefining \dots on input line 381.
LaTeX Info: Redefining \cdots on input line 466.
\Mathstrutbox@=\box26
\strutbox@=\box27
\big@size=\dimen105
LaTeX Font Info:    Redeclaring font encoding OML on input line 566.
LaTeX Font Info:    Redeclaring font encoding OMS on input line 567.
\macc@depth=\count92
\c@MaxMatrixCols=\count93
\dotsspace@=\muskip10
\c@parentequation=\count94
\dspbrk@lvl=\count95
\tag@help=\toks15
\row@=\count96
\column@=\count97
\maxfields@=\count98
\andhelp@=\toks16
\eqnshift@=\dimen106
\alignsep@=\dimen107
\tagshift@=\dimen108
\tagwidth@=\dimen109
\totwidth@=\dimen110
\lineht@=\dimen111
\@envbody=\toks17
\multlinegap=\skip44
\multlinetaggap=\skip45
\mathdisplay@stack=\toks18
LaTeX Info: Redefining \[ on input line 2665.
LaTeX Info: Redefining \] on input line 2666.
)
("C:\Program Files\MiKTeX 2.9\tex\latex\amscls\amsthm.sty"
Package: amsthm 2004/08/06 v2.20
\thm@style=\toks19
\thm@bodyfont=\toks20
\thm@headfont=\toks21
\thm@notefont=\toks22
\thm@headpunct=\toks23
\thm@preskip=\skip46
\thm@postskip=\skip47
\thm@headsep=\skip48
\dth@everypar=\toks24
)
("C:\Program Files\MiKTeX 2.9\tex\latex\tools\verbatim.sty"
Package: verbatim 2003/08/22 v1.5q LaTeX2e package for verbatim enhancements
\every@verbatim=\toks25
\verbatim@line=\toks26
\verbatim@in@stream=\read1
)
("C:\Program Files\MiKTeX 2.9\tex\latex\amsfonts\amssymb.sty"
Package: amssymb 2013/01/14 v3.01 AMS font symbols

("C:\Program Files\MiKTeX 2.9\tex\latex\amsfonts\amsfonts.sty"
Package: amsfonts 2013/01/14 v3.01 Basic AMSFonts support
\symAMSa=\mathgroup4
\symAMSb=\mathgroup5
LaTeX Font Info:    Overwriting math alphabet `\mathfrak' in version `bold'
(Font)                  U/euf/m/n --> U/euf/b/n on input line 106.
))
("C:\Program Files\MiKTeX 2.9\tex\latex\amsmath\amscd.sty"
Package: amscd 1999/11/29 v2.0
\athelp@=\toks27
\minaw@=\dimen112
\bigaw@=\dimen113
\minCDarrowwidth=\dimen114
)
("C:\Program Files\MiKTeX 2.9\tex\latex\graphics\graphicx.sty"
Package: graphicx 1999/02/16 v1.0f Enhanced LaTeX Graphics (DPC,SPQR)

("C:\Program Files\MiKTeX 2.9\tex\latex\graphics\keyval.sty"
Package: keyval 1999/03/16 v1.13 key=value parser (DPC)
\KV@toks@=\toks28
)
("C:\Program Files\MiKTeX 2.9\tex\latex\graphics\graphics.sty"
Package: graphics 2009/02/05 v1.0o Standard LaTeX Graphics (DPC,SPQR)

("C:\Program Files\MiKTeX 2.9\tex\latex\graphics\trig.sty"
Package: trig 1999/03/16 v1.09 sin cos tan (DPC)
)
("C:\Program Files\MiKTeX 2.9\tex\latex\00miktex\graphics.cfg"
File: graphics.cfg 2007/01/18 v1.5 graphics configuration of teTeX/TeXLive
)
Package graphics Info: Driver file: pdftex.def on input line 91.

("C:\Program Files\MiKTeX 2.9\tex\latex\pdftex-def\pdftex.def"
File: pdftex.def 2011/05/27 v0.06d Graphics/color for pdfTeX

("C:\Program Files\MiKTeX 2.9\tex\generic\oberdiek\infwarerr.sty"
Package: infwarerr 2010/04/08 v1.3 Providing info/warning/error messages (HO)
)
("C:\Program Files\MiKTeX 2.9\tex\generic\oberdiek\ltxcmds.sty"
Package: ltxcmds 2011/11/09 v1.22 LaTeX kernel commands for general use (HO)
)
\Gread@gobject=\count99
))
\Gin@req@height=\dimen115
\Gin@req@width=\dimen116
)
\c@theorem=\count100
\c@corollary=\count101
\c@lemma=\count102
\c@proposition=\count103
\c@conjecture=\count104
\c@question=\count105
\c@definition=\count106

("C:\Users\Zechs Marquis\Documents\Schoolwork\CS5800HW1.aux")
LaTeX Font Info:    Checking defaults for OML/cmm/m/it on input line 23.
LaTeX Font Info:    ... okay on input line 23.
LaTeX Font Info:    Checking defaults for T1/cmr/m/n on input line 23.
LaTeX Font Info:    ... okay on input line 23.
LaTeX Font Info:    Checking defaults for OT1/cmr/m/n on input line 23.
LaTeX Font Info:    ... okay on input line 23.
LaTeX Font Info:    Checking defaults for OMS/cmsy/m/n on input line 23.
LaTeX Font Info:    ... okay on input line 23.
LaTeX Font Info:    Checking defaults for OMX/cmex/m/n on input line 23.
LaTeX Font Info:    ... okay on input line 23.
LaTeX Font Info:    Checking defaults for U/cmr/m/n on input line 23.
LaTeX Font Info:    ... okay on input line 23.

("C:\Program Files\MiKTeX 2.9\tex\context\base\supp-pdf.mkii"
[Loading MPS to PDF converter (version 2006.09.02).]
\scratchcounter=\count107
\scratchdimen=\dimen117
\scratchbox=\box28
\nofMPsegments=\count108
\nofMParguments=\count109
\everyMPshowfont=\toks29
\MPscratchCnt=\count110
\MPscratchDim=\dimen118
\MPnumerator=\count111
\makeMPintoPDFobject=\count112
\everyMPtoPDFconversion=\toks30
)
LaTeX Font Info:    Try loading font information for U+msa on input line 30.
 ("C:\Program Files\MiKTeX 2.9\tex\latex\amsfonts\umsa.fd"
File: umsa.fd 2013/01/14 v3.01 AMS symbols A
)
LaTeX Font Info:    Try loading font information for U+msb on input line 30.

("C:\Program Files\MiKTeX 2.9\tex\latex\amsfonts\umsb.fd"
File: umsb.fd 2013/01/14 v3.01 AMS symbols B
) [1

{C:/ProgramData/MiKTeX/2.9/pdftex/config/pdftex.map}]
! Missing $ inserted.
<inserted text> 
                $
l.36 \sigma
           _{AGE } Actor
I've inserted a begin-math/end-math symbol since I think
you left one out. Proceed, with fingers crossed.

! Missing $ inserted.
<inserted text> 
                $
l.37 \subsection
                {}
I've inserted a begin-math/end-math symbol since I think
you left one out. Proceed, with fingers crossed.

! Missing $ inserted.
<inserted text> 
                $
l.38 \pi
        _{Title}(\sigma_{WhenReleased = "1940" } Movie)
I've inserted a begin-math/end-math symbol since I think
you left one out. Proceed, with fingers crossed.

! Missing $ inserted.
<inserted text> 
                $
l.39 \subsection
                {}
I've inserted a begin-math/end-math symbol since I think
you left one out. Proceed, with fingers crossed.

! Missing $ inserted.
<inserted text> 
                $
l.40 1. \pi
           _{Title}(\sigma_{Cost>1000000 \wedge WhenReleased<"1920"}Movie) \\
I've inserted a begin-math/end-math symbol since I think
you left one out. Proceed, with fingers crossed.

! Missing $ inserted.
<inserted text> 
                $
l.41 2. Movies$_
                {Title }$ \cap Movies$_{cost > 1000000 \wedge WhenReleased <...
I've inserted a begin-math/end-math symbol since I think
you left one out. Proceed, with fingers crossed.

! Missing $ inserted.
<inserted text> 
                $
l.41 2. Movies$_{Title }$ \cap
                               Movies$_{cost > 1000000 \wedge WhenReleased <...
I've inserted a begin-math/end-math symbol since I think
you left one out. Proceed, with fingers crossed.

! Missing $ inserted.
<inserted text> 
                $
l.41 2. Movies$_{Title }$ \cap Movies$_
                                       {cost > 1000000 \wedge WhenReleased <...
I've inserted a begin-math/end-math symbol since I think
you left one out. Proceed, with fingers crossed.

! Missing $ inserted.
<inserted text> 
                $
l.43  \pi
         _{Name, Age}(\sigma_{Movie.WhenReleased =" 1940"}(Actor \bowtie (Ca...
I've inserted a begin-math/end-math symbol since I think
you left one out. Proceed, with fingers crossed.

! Missing $ inserted.
<inserted text> 
                $
l.44 \subsection
                {}
I've inserted a begin-math/end-math symbol since I think
you left one out. Proceed, with fingers crossed.

! Missing $ inserted.
<inserted text> 
                $
l.45 \pi
        _{Name, Age}(\sigma_{Movie.WhenReleased <" 1920"}(Actor \bowtie (Cas...
I've inserted a begin-math/end-math symbol since I think
you left one out. Proceed, with fingers crossed.

! Missing $ inserted.
<inserted text> 
                $
l.46 \subsection
                {}
I've inserted a begin-math/end-math symbol since I think
you left one out. Proceed, with fingers crossed.

! Missing $ inserted.
<inserted text> 
                $
l.47 (\sigma
            _{Name} Actor) - (\pi_{Actor.Name}(\sigma CastIn.Name(Actor \bow...
I've inserted a begin-math/end-math symbol since I think
you left one out. Proceed, with fingers crossed.

! Missing $ inserted.
<inserted text> 
                $
l.48 \subsection
                {}
I've inserted a begin-math/end-math symbol since I think
you left one out. Proceed, with fingers crossed.

! Missing $ inserted.
<inserted text> 
                $
l.49 \pi
        _{Name}(\sigma_{$R_1$.Name = $R_2$.Name}(\rho($R_1$,(Actor \bowtie C...
I've inserted a begin-math/end-math symbol since I think
you left one out. Proceed, with fingers crossed.

! Missing } inserted.
<inserted text> 
                }
l.49 \pi_{Name}(\sigma_{$
                         R_1$.Name = $R_2$.Name}(\rho($R_1$,(Actor \bowtie C...
I've inserted something that you may have forgotten.
(See the <inserted text> above.)
With luck, this will get me unwedged. But if you
really didn't forget anything, try typing `2' now; then
my insertion and my current dilemma will both disappear.

! Missing $ inserted.
<inserted text> 
                $
l.49 \pi_{Name}(\sigma_{$R_
                           1$.Name = $R_2$.Name}(\rho($R_1$,(Actor \bowtie C...
I've inserted a begin-math/end-math symbol since I think
you left one out. Proceed, with fingers crossed.

! Too many }'s.
l.49 \pi_{Name}(\sigma_{$R_1$.Name = $R_2$.Name}
                                                (\rho($R_1$,(Actor \bowtie C...
You've closed more groups than you opened.
Such booboos are generally harmless, so keep going.

! Missing $ inserted.
<inserted text> 
                $
l.49 ...ame}(\sigma_{$R_1$.Name = $R_2$.Name}(\rho
                                                  ($R_1$,(Actor \bowtie Cast...
I've inserted a begin-math/end-math symbol since I think
you left one out. Proceed, with fingers crossed.

! Missing $ inserted.
<inserted text> 
                $
l.49 ...(\sigma_{$R_1$.Name = $R_2$.Name}(\rho($R_
                                                  1$,(Actor \bowtie CastIn))...
I've inserted a begin-math/end-math symbol since I think
you left one out. Proceed, with fingers crossed.

! Missing $ inserted.
<inserted text> 
                $
l.49 ...me = $R_2$.Name}(\rho($R_1$,(Actor \bowtie
                                                   CastIn))X \rho($R_2$,(Act...
I've inserted a begin-math/end-math symbol since I think
you left one out. Proceed, with fingers crossed.

! Missing $ inserted.
<inserted text> 
                $
l.49 ...ho($R_1$,(Actor \bowtie CastIn))X \rho($R_
                                                  2$,(Actor \bowtie CastIn))))
I've inserted a begin-math/end-math symbol since I think
you left one out. Proceed, with fingers crossed.

! Missing $ inserted.
<inserted text> 
                $
l.49 ...bowtie CastIn))X \rho($R_2$,(Actor \bowtie
                                                   CastIn))))
I've inserted a begin-math/end-math symbol since I think
you left one out. Proceed, with fingers crossed.

! Missing $ inserted.
<inserted text> 
                $
l.50 \subsection
                {}
I've inserted a begin-math/end-math symbol since I think
you left one out. Proceed, with fingers crossed.

! Missing $ inserted.
<inserted text> 
                $
l.51 \pi
        _{Name}( (CastIn \bowtie (Movie \bowtie Actor) )
I've inserted a begin-math/end-math symbol since I think
you left one out. Proceed, with fingers crossed.

! Missing $ inserted.
<inserted text> 
                $
l.52 \subsection
                {}
I've inserted a begin-math/end-math symbol since I think
you left one out. Proceed, with fingers crossed.

! Missing $ inserted.
<inserted text> 
                $
l.53 \rho
          $R_1$(Actor \bowtie CastIn \: \bowie \sigma_{WhenReleased} \bowtie...
I've inserted a begin-math/end-math symbol since I think
you left one out. Proceed, with fingers crossed.

! Missing $ inserted.
<inserted text> 
                $
l.53 \rho $R_
             1$(Actor \bowtie CastIn \: \bowie \sigma_{WhenReleased} \bowtie...
I've inserted a begin-math/end-math symbol since I think
you left one out. Proceed, with fingers crossed.

! Missing $ inserted.
<inserted text> 
                $
l.53 \rho $R_1$(Actor \bowtie
                              CastIn \: \bowie \sigma_{WhenReleased} \bowtie...
I've inserted a begin-math/end-math symbol since I think
you left one out. Proceed, with fingers crossed.

! Undefined control sequence.
l.53 \rho $R_1$(Actor \bowtie CastIn \: \bowie
                                               \sigma_{WhenReleased} \bowtie...
The control sequence at the end of the top line
of your error message was never \def'ed. If you have
misspelled it (e.g., `\hobx'), type `I' and the correct
spelling (e.g., `I\hbox'). Otherwise just continue,
and I'll forget about whatever was undefined.

! Missing $ inserted.
<inserted text> 
                $
l.54 \rho $R_
             2$(Actor \bowtie CastIn \: \bowie \sigma_{WhenReleased} \bowtie...
I've inserted a begin-math/end-math symbol since I think
you left one out. Proceed, with fingers crossed.

! Missing $ inserted.
<inserted text> 
                $
l.54 \rho $R_2$(Actor \bowtie
                              CastIn \: \bowie \sigma_{WhenReleased} \bowtie...
I've inserted a begin-math/end-math symbol since I think
you left one out. Proceed, with fingers crossed.

! Undefined control sequence.
l.54 \rho $R_2$(Actor \bowtie CastIn \: \bowie
                                               \sigma_{WhenReleased} \bowtie...
The control sequence at the end of the top line
of your error message was never \def'ed. If you have
misspelled it (e.g., `\hobx'), type `I' and the correct
spelling (e.g., `I\hbox'). Otherwise just continue,
and I'll forget about whatever was undefined.

! Missing $ inserted.
<inserted text> 
                $
l.55 \rho$R_
            3$(Actor \bowtie CastIn \: \bowie \sigma_{WhenReleased} \bowtie ...
I've inserted a begin-math/end-math symbol since I think
you left one out. Proceed, with fingers crossed.

! Missing $ inserted.
<inserted text> 
                $
l.55 \rho$R_3$(Actor \bowtie
                             CastIn \: \bowie \sigma_{WhenReleased} \bowtie ...
I've inserted a begin-math/end-math symbol since I think
you left one out. Proceed, with fingers crossed.

! Undefined control sequence.
l.55 \rho$R_3$(Actor \bowtie CastIn \: \bowie
                                              \sigma_{WhenReleased} \bowtie ...
The control sequence at the end of the top line
of your error message was never \def'ed. If you have
misspelled it (e.g., `\hobx'), type `I' and the correct
spelling (e.g., `I\hbox'). Otherwise just continue,
and I'll forget about whatever was undefined.

! Missing } inserted.
<inserted text> 
                }
l.56 \pi_{Name}(\sigma_{$
                         R_1$.WhenReleased = $R_2$.WhenReleased+1 \wedge $R_...
I've inserted something that you may have forgotten.
(See the <inserted text> above.)
With luck, this will get me unwedged. But if you
really didn't forget anything, try typing `2' now; then
my insertion and my current dilemma will both disappear.

! Missing $ inserted.
<inserted text> 
                $
l.56 \pi_{Name}(\sigma_{$R_
                           1$.WhenReleased = $R_2$.WhenReleased+1 \wedge $R_...
I've inserted a begin-math/end-math symbol since I think
you left one out. Proceed, with fingers crossed.

! Missing $ inserted.
<inserted text> 
                $
l.56 ...WhenReleased = $R_2$.WhenReleased+1 \wedge
                                                   $R_2$.WhenReleased = $R_3...
I've inserted a begin-math/end-math symbol since I think
you left one out. Proceed, with fingers crossed.

! Missing $ inserted.
<inserted text> 
                $
l.56 ...Released = $R_2$.WhenReleased+1 \wedge $R_
                                                  2$.WhenReleased = $R_3$+1 ...
I've inserted a begin-math/end-math symbol since I think
you left one out. Proceed, with fingers crossed.

! Missing $ inserted.
<inserted text> 
                $
l.56 ...1 \wedge $R_2$.WhenReleased = $R_3$+1 \vee
                                                   $R_1$.WhenReleased = $R_2...
I've inserted a begin-math/end-math symbol since I think
you left one out. Proceed, with fingers crossed.

! Missing $ inserted.
<inserted text> 
                $
l.56 ...edge $R_2$.WhenReleased = $R_3$+1 \vee $R_
                                                  1$.WhenReleased = $R_2$.Wh...
I've inserted a begin-math/end-math symbol since I think
you left one out. Proceed, with fingers crossed.

! Missing $ inserted.
<inserted text> 
                $
l.56 ...WhenReleased = $R_2$.WhenReleased-1 \wedge
                                                   $R_2$.WhenReleased = $R_3...
I've inserted a begin-math/end-math symbol since I think
you left one out. Proceed, with fingers crossed.

! Missing $ inserted.
<inserted text> 
                $
l.56 ...Released = $R_2$.WhenReleased-1 \wedge $R_
                                                  2$.WhenReleased = $R_3$.Wh...
I've inserted a begin-math/end-math symbol since I think
you left one out. Proceed, with fingers crossed.

! Too many }'s.
l.56 ...R_2$.WhenReleased = $R_3$.WhenReleased+1 }
                                                  ($R_1$ \bowtie ($R_2$ \bow...
You've closed more groups than you opened.
Such booboos are generally harmless, so keep going.

! Missing $ inserted.
<inserted text> 
                $
l.56 ...sed = $R_3$.WhenReleased+1 }($R_1$ \bowtie
                                                   ($R_2$ \bowtie $R_3$)))
I've inserted a begin-math/end-math symbol since I think
you left one out. Proceed, with fingers crossed.

! Missing $ inserted.
<inserted text> 
                $
l.56 ... $R_3$.WhenReleased+1 }($R_1$ \bowtie ($R_
                                                  2$ \bowtie $R_3$)))
I've inserted a begin-math/end-math symbol since I think
you left one out. Proceed, with fingers crossed.

! Missing $ inserted.
<inserted text> 
                $
l.56 ...nReleased+1 }($R_1$ \bowtie ($R_2$ \bowtie
                                                   $R_3$)))
I've inserted a begin-math/end-math symbol since I think
you left one out. Proceed, with fingers crossed.

! Missing $ inserted.
<inserted text> 
                $
l.56 ...eased+1 }($R_1$ \bowtie ($R_2$ \bowtie $R_
                                                  3$)))
I've inserted a begin-math/end-math symbol since I think
you left one out. Proceed, with fingers crossed.


Overfull \hbox (2.2741pt too wide) in paragraph at lines 53--57
$\OML/cmm/m/it/10.95 []\OT1/cmr/m/n/10.95 (\OML/cmm/m/it/10.95 []$\OT1/cmr/m/
n/10.95 R$[]$.WhenReleased = $\OML/cmm/m/it/10.95 R[]$\OT1/cmr/m/n/10.95 .WhenR
eleased+1 $\OMS/cmsy/m/n/10.95 ^$\OT1/cmr/m/n/10.95 R$[]$.WhenReleased = $\OML/
cmm/m/it/10.95 R[]$\OT1/cmr/m/n/10.95 +1 $\OMS/cmsy/m/n/10.95 _$\OT1/cmr/m/n/10
.95 R$[]$.WhenReleased
 []

! Missing $ inserted.
<inserted text> 
                $
l.58 (\pi
         _{Name}(Actor \bowtie \:(Movie \bowtie CastIn )))\bowtie(\pi_{Name}...
I've inserted a begin-math/end-math symbol since I think
you left one out. Proceed, with fingers crossed.

! Missing } inserted.
<inserted text> 
                }
l.58 ...tie CastIn )))\bowtie(\pi_{Name}(\sigma_{$
                                                  R_1$.Name = $R_2$.Name}(\r...
I've inserted something that you may have forgotten.
(See the <inserted text> above.)
With luck, this will get me unwedged. But if you
really didn't forget anything, try typing `2' now; then
my insertion and my current dilemma will both disappear.

! Missing $ inserted.
<inserted text> 
                $
l.58 ...e CastIn )))\bowtie(\pi_{Name}(\sigma_{$R_
                                                  1$.Name = $R_2$.Name}(\rho...
I've inserted a begin-math/end-math symbol since I think
you left one out. Proceed, with fingers crossed.

! Too many }'s.
l.58 ...pi_{Name}(\sigma_{$R_1$.Name = $R_2$.Name}
                                                  (\rho($R_1$,(Actor \bowtie...
You've closed more groups than you opened.
Such booboos are generally harmless, so keep going.

! Missing $ inserted.
<inserted text> 
                $
l.58 ...ame}(\sigma_{$R_1$.Name = $R_2$.Name}(\rho
                                                  ($R_1$,(Actor \bowtie Cast...
I've inserted a begin-math/end-math symbol since I think
you left one out. Proceed, with fingers crossed.

! Missing $ inserted.
<inserted text> 
                $
l.58 ...(\sigma_{$R_1$.Name = $R_2$.Name}(\rho($R_
                                                  1$,(Actor \bowtie CastIn))...
I've inserted a begin-math/end-math symbol since I think
you left one out. Proceed, with fingers crossed.

! Missing $ inserted.
<inserted text> 
                $
l.58 ...me = $R_2$.Name}(\rho($R_1$,(Actor \bowtie
                                                   CastIn))X \rho($R_2$,(Act...
I've inserted a begin-math/end-math symbol since I think
you left one out. Proceed, with fingers crossed.

! Missing $ inserted.
<inserted text> 
                $
l.58 ...ho($R_1$,(Actor \bowtie CastIn))X \rho($R_
                                                  2$,(Actor \bowtie CastIn))...
I've inserted a begin-math/end-math symbol since I think
you left one out. Proceed, with fingers crossed.

! Missing $ inserted.
<inserted text> 
                $
l.58 ...bowtie CastIn))X \rho($R_2$,(Actor \bowtie
                                                   CastIn)))))-(\sigma_{Name...
I've inserted a begin-math/end-math symbol since I think
you left one out. Proceed, with fingers crossed.

! Missing $ inserted.
<inserted text> 
                $
l.59 \section
             {Exercise 2.14}
I've inserted a begin-math/end-math symbol since I think
you left one out. Proceed, with fingers crossed.


Overfull \hbox (60.49413pt too wide) in paragraph at lines 58--59
\OT1/cmr/m/n/10.95 ($\OML/cmm/m/it/10.95 []\OT1/cmr/m/n/10.95 (\OML/cmm/m/it/1
0.95 Actor .[]/  \OT1/cmr/m/n/10.95 (\OML/cmm/m/it/10.95 Movie .[]/ CastIn\OT1/
cmr/m/n/10.95 ))) \OML/cmm/m/it/10.95 .[]/ \OT1/cmr/m/n/10.95 (\OML/cmm/m/it/10
.95 []\OT1/cmr/m/n/10.95 (\OML/cmm/m/it/10.95 []$\OT1/cmr/m/n/10.95 R$[]$.Nam
e = $\OML/cmm/m/it/10.95 R[]$\OT1/cmr/m/n/10.95 .Name($\OML/cmm/m/it/10.95 \OT
1/cmr/m/n/10.95 ($R$[]$,(Actor $\OML/cmm/m/it/10.95 .[]/ CastIn\OT1/cmr/m/n/10.
95 ))\OML/cmm/m/it/10.95 X\OT1/cmr/m/n/10.95 ($R$[]$,(Actor
 []

[1]
LaTeX Font Info:    Try loading font information for OML+cmr on input line 66.
 ("C:\Program Files\MiKTeX 2.9\tex\latex\base\omlcmr.fd"
File: omlcmr.fd 1999/05/25 v2.5h Standard LaTeX font definitions
)
LaTeX Font Info:    Font shape `OML/cmr/m/n' in size <10.95> not available
(Font)              Font shape `OML/cmm/m/it' tried instead on input line 66.

Underfull \hbox (badness 10000) in paragraph at lines 63--67

 []

[2] ("C:\Users\Zechs Marquis\Documents\Schoolwork\CS5800HW1.aux") ) 
Here is how much of TeX's memory you used:
 2209 strings out of 493921
 27304 string characters out of 3147257
 80637 words of memory out of 3000000
 5498 multiletter control sequences out of 15000+200000
 11044 words of font info for 42 fonts, out of 3000000 for 9000
 841 hyphenation exceptions out of 8191
 27i,6n,26p,295b,203s stack positions out of 5000i,500n,10000p,200000b,50000s
<C:/Program 
Files/MiKTeX 2.9/fonts/type1/public/amsfonts/cm/cmbx12.pfb><C:/Program Files/Mi
KTeX 2.9/fonts/type1/public/amsfonts/cm/cmmi10.pfb><C:/Program Files/MiKTeX 2.9
/fonts/type1/public/amsfonts/cm/cmmi8.pfb><C:/Program Files/MiKTeX 2.9/fonts/ty
pe1/public/amsfonts/cm/cmr10.pfb><C:/Program Files/MiKTeX 2.9/fonts/type1/publi
c/amsfonts/cm/cmr12.pfb><C:/Program Files/MiKTeX 2.9/fonts/type1/public/amsfont
s/cm/cmr17.pfb><C:/Program Files/MiKTeX 2.9/fonts/type1/public/amsfonts/cm/cmr8
.pfb><C:/Program Files/MiKTeX 2.9/fonts/type1/public/amsfonts/cm/cmsy10.pfb><C:
/Program Files/MiKTeX 2.9/fonts/type1/public/amsfonts/cm/cmsy8.pfb>
Output written on CS5800HW1.pdf (3 pages, 109232 bytes).
PDF statistics:
 48 PDF objects out of 1000 (max. 8388607)
 0 named destinations out of 1000 (max. 500000)
 1 words of extra memory for PDF output out of 10000 (max. 10000000)

